GROUP,PACKAGE,CLASS,INSTRUCTION_MISSED,INSTRUCTION_COVERED,BRANCH_MISSED,BRANCH_COVERED,LINE_MISSED,LINE_COVERED,COMPLEXITY_MISSED,COMPLEXITY_COVERED,METHOD_MISSED,METHOD_COVERED
rest-service-initial,com.ase.restservice.service,NFTService,5,94,0,10,1,20,1,12,1,7
rest-service-initial,com.ase.restservice.service,FinanceService,104,3,4,0,31,1,6,1,4,1
rest-service-initial,com.ase.restservice.service,AssetService,57,362,4,22,9,62,6,22,3,12
rest-service-initial,com.ase.restservice.service,CryptocurrencyService,5,88,0,6,1,17,1,11,1,8
rest-service-initial,com.ase.restservice.service,TransactionService,26,236,2,14,6,48,4,13,2,7
rest-service-initial,com.ase.restservice.service,AccountService,9,116,1,1,2,27,3,7,2,7
rest-service-initial,com.ase.restservice.service,StockService,12,107,0,6,0,20,1,10,1,7
